C:\Program Files (x86)\Microsoft Visual Studio 11.0\Common7\IDE> "C:\Windows\Microsoft.NET\Framework\v4.0.30319\csc.exe" /t:library /utf8output /nostdlib+ /R:"C:\Program Files (x86)\Reference Assemblies\Microsoft\Framework\.NETFramework\v4.5\mscorlib.dll" /R:"C:\Program Files (x86)\Reference Assemblies\Microsoft\Framework\.NETFramework\v4.5\System.Runtime.Serialization.dll" /R:"D:\2C2P\Alternative-Payment-Network\BIS\_2c2p_alternative-payment-network_bis_bis\9f16fcd6\e079d54d\assembly\dl3\7459e77e\ffe7e73e_71b1d401\SinaptIQPKCS7.dll" /R:"C:\Program Files (x86)\Reference Assemblies\Microsoft\Framework\.NETFramework\v4.5\System.IdentityModel.dll" /R:"D:\2C2P\Alternative-Payment-Network\BIS\_2c2p_alternative-payment-network_bis_bis\9f16fcd6\e079d54d\assembly\dl3\73420c42\adf8e13e_71b1d401\BouncyCastle.Crypto.dll" /R:"D:\2C2P\Alternative-Payment-Network\BIS\_2c2p_alternative-payment-network_bis_bis\9f16fcd6\e079d54d\assembly\dl3\fe01ce5f\ffb5eb3e_71b1d401\log4net.dll" /R:"D:\2C2P\Alternative-Payment-Network\BIS\_2c2p_alternative-payment-network_bis_bis\9f16fcd6\e079d54d\assembly\dl3\eb8b905c\2d1beb3e_71b1d401\itextsharp.dll" /R:"C:\Program Files (x86)\Reference Assemblies\Microsoft\Framework\.NETFramework\v4.5\System.ServiceModel.Activation.dll" /R:"C:\WINDOWS\Microsoft.Net\assembly\GAC_MSIL\Microsoft.VisualStudio.Web.PageInspector.Loader\v4.0_1.0.0.0__b03f5f7f11d50a3a\Microsoft.VisualStudio.Web.PageInspector.Loader.dll" /R:"C:\Program Files (x86)\Reference Assemblies\Microsoft\Framework\.NETFramework\v4.5\System.Web.DynamicData.dll" /R:"C:\Program Files (x86)\Reference Assemblies\Microsoft\Framework\.NETFramework\v4.5\System.EnterpriseServices.dll" /R:"C:\WINDOWS\Microsoft.Net\assembly\GAC_MSIL\System.Web.WebPages.Deployment\v4.0_1.0.0.0__31bf3856ad364e35\System.Web.WebPages.Deployment.dll" /R:"C:\Program Files (x86)\Reference Assemblies\Microsoft\Framework\.NETFramework\v4.5\System.Web.ApplicationServices.dll" /R:"C:\Program Files (x86)\Reference Assemblies\Microsoft\Framework\.NETFramework\v4.5\System.ServiceModel.Web.dll" /R:"C:\Program Files (x86)\Reference Assemblies\Microsoft\Framework\.NETFramework\v4.5\System.Core.dll" /R:"C:\WINDOWS\Microsoft.Net\assembly\GAC_MSIL\System.Web.WebPages.Deployment\v4.0_2.0.0.0__31bf3856ad364e35\System.Web.WebPages.Deployment.dll" /R:"C:\Program Files (x86)\Reference Assemblies\Microsoft\Framework\.NETFramework\v4.5\System.ServiceModel.dll" /R:"C:\Program Files (x86)\Reference Assemblies\Microsoft\Framework\.NETFramework\v4.5\System.Web.dll" /R:"D:\2C2P\Alternative-Payment-Network\BIS\_2c2p_alternative-payment-network_bis_bis\9f16fcd6\e079d54d\assembly\dl3\b5933e2e\3d25e73e_71b1d401\ICSharpCode.SharpZipLib.dll" /R:"C:\Program Files (x86)\Reference Assemblies\Microsoft\Framework\.NETFramework\v4.5\System.Configuration.dll" /R:"C:\Program Files (x86)\Reference Assemblies\Microsoft\Framework\.NETFramework\v4.5\System.ComponentModel.DataAnnotations.dll" /R:"C:\Program Files (x86)\Reference Assemblies\Microsoft\Framework\.NETFramework\v4.5\System.Data.dll" /R:"C:\Program Files (x86)\Reference Assemblies\Microsoft\Framework\.NETFramework\v4.5\System.Drawing.dll" /R:"C:\Program Files (x86)\Reference Assemblies\Microsoft\Framework\.NETFramework\v4.5\System.Xml.Linq.dll" /R:"C:\Program Files (x86)\Reference Assemblies\Microsoft\Framework\.NETFramework\v4.5\System.Data.DataSetExtensions.dll" /R:"C:\Program Files (x86)\Reference Assemblies\Microsoft\Framework\.NETFramework\v4.5\System.Web.Services.dll" /R:"C:\Program Files (x86)\Reference Assemblies\Microsoft\Framework\.NETFramework\v4.5\System.dll" /R:"C:\Program Files (x86)\Reference Assemblies\Microsoft\Framework\.NETFramework\v4.5\System.Activities.dll" /R:"C:\Program Files (x86)\Reference Assemblies\Microsoft\Framework\.NETFramework\v4.5\System.Xml.dll" /R:"D:\2C2P\Alternative-Payment-Network\BIS\_2c2p_alternative-payment-network_bis_bis\9f16fcd6\e079d54d\assembly\dl3\1bcdba86\cad7e63e_71b1d401\Encrypt.dll" /R:"C:\Program Files (x86)\Reference Assemblies\Microsoft\Framework\.NETFramework\v4.5\Microsoft.CSharp.dll" /R:"C:\Program Files (x86)\Reference Assemblies\Microsoft\Framework\.NETFramework\v4.5\System.ServiceModel.Activities.dll" /R:"D:\2C2P\Alternative-Payment-Network\BIS\_2c2p_alternative-payment-network_bis_bis\9f16fcd6\e079d54d\App_WebReferences.dll" /R:"C:\Program Files (x86)\Reference Assemblies\Microsoft\Framework\.NETFramework\v4.5\System.Web.Extensions.dll" /R:"C:\Program Files (x86)\Reference Assemblies\Microsoft\Framework\.NETFramework\v4.5\System.Net.Http.dll" /R:"D:\2C2P\Alternative-Payment-Network\BIS\_2c2p_alternative-payment-network_bis_bis\9f16fcd6\e079d54d\assembly\dl3\fb0c4a26\10c1e73e_71b1d401\Newtonsoft.Json.dll" /R:"C:\Program Files (x86)\Reference Assemblies\Microsoft\Framework\.NETFramework\v4.5\System.WorkflowServices.dll" /out:"D:\2C2P\Alternative-Payment-Network\BIS\_2c2p_alternative-payment-network_bis_bis\9f16fcd6\e079d54d\App_Code.dll" /D:DEBUG /debug+ /optimize- /w:4 /define:CODE_ANALYSIS /nowarn:1659;1699;1701 /warnaserror-  "D:\2C2P\Alternative-Payment-Network\BIS\_2c2p_alternative-payment-network_bis_bis\9f16fcd6\e079d54d\App_Code.18.cs" "D:\2C2P\Alternative-Payment-Network\BIS\_2c2p_alternative-payment-network_bis_bis\9f16fcd6\e079d54d\App_Code.5.cs" "D:\2C2P\Alternative-Payment-Network\BIS\_2c2p_alternative-payment-network_bis_bis\9f16fcd6\e079d54d\App_Code.11.cs" "D:\2C2P\Alternative-Payment-Network\BIS\_2c2p_alternative-payment-network_bis_bis\9f16fcd6\e079d54d\App_Code.6.cs" "D:\2C2P\Alternative-Payment-Network\BIS\_2c2p_alternative-payment-network_bis_bis\9f16fcd6\e079d54d\App_Code.13.cs" "D:\2C2P\Alternative-Payment-Network\BIS\_2c2p_alternative-payment-network_bis_bis\9f16fcd6\e079d54d\App_Code.3.cs" "D:\2C2P\Alternative-Payment-Network\BIS\_2c2p_alternative-payment-network_bis_bis\9f16fcd6\e079d54d\App_Code.14.cs" "D:\2C2P\Alternative-Payment-Network\BIS\_2c2p_alternative-payment-network_bis_bis\9f16fcd6\e079d54d\App_Code.7.cs" "D:\2C2P\Alternative-Payment-Network\BIS\_2c2p_alternative-payment-network_bis_bis\9f16fcd6\e079d54d\App_Code.16.cs" "D:\2C2P\Alternative-Payment-Network\BIS\_2c2p_alternative-payment-network_bis_bis\9f16fcd6\e079d54d\App_Code.9.cs" "D:\2C2P\Alternative-Payment-Network\BIS\_2c2p_alternative-payment-network_bis_bis\9f16fcd6\e079d54d\App_Code.4.cs" "D:\2C2P\Alternative-Payment-Network\BIS\_2c2p_alternative-payment-network_bis_bis\9f16fcd6\e079d54d\App_Code.20.cs" "D:\2C2P\Alternative-Payment-Network\BIS\_2c2p_alternative-payment-network_bis_bis\9f16fcd6\e079d54d\App_Code.19.cs" "D:\2C2P\Alternative-Payment-Network\BIS\_2c2p_alternative-payment-network_bis_bis\9f16fcd6\e079d54d\App_Code.1.cs" "D:\2C2P\Alternative-Payment-Network\BIS\_2c2p_alternative-payment-network_bis_bis\9f16fcd6\e079d54d\App_Code.2.cs" "D:\2C2P\Alternative-Payment-Network\BIS\_2c2p_alternative-payment-network_bis_bis\9f16fcd6\e079d54d\App_Code.10.cs" "D:\2C2P\Alternative-Payment-Network\BIS\_2c2p_alternative-payment-network_bis_bis\9f16fcd6\e079d54d\App_Code.12.cs" "D:\2C2P\Alternative-Payment-Network\BIS\_2c2p_alternative-payment-network_bis_bis\9f16fcd6\e079d54d\App_Code.8.cs" "D:\2C2P\Alternative-Payment-Network\BIS\_2c2p_alternative-payment-network_bis_bis\9f16fcd6\e079d54d\App_Code.15.cs" "D:\2C2P\Alternative-Payment-Network\BIS\_2c2p_alternative-payment-network_bis_bis\9f16fcd6\e079d54d\App_Code.17.cs" "D:\2C2P\Alternative-Payment-Network\BIS\_2c2p_alternative-payment-network_bis_bis\9f16fcd6\e079d54d\App_Code.0.cs"


Microsoft (R) Visual C# Compiler version 4.7.3056.0
for C# 5
Copyright (C) Microsoft Corporation. All rights reserved.

This compiler is provided as part of the Microsoft (R) .NET Framework, but only supports language versions up to C# 5, which is no longer the latest version. For compilers that support newer versions of the C# programming language, see http://go.microsoft.com/fwlink/?LinkID=533240

d:\2C2P\Alternative-Payment-Network\BIS\BIS\App_Code\Service.cs(25,7): warning CS0105: The using directive for 'System.Configuration' appeared previously in this namespace
d:\2C2P\Alternative-Payment-Network\BIS\BIS\App_Code\TripleDES.cs(63,16): warning CS0219: The variable 'strMD5' is assigned but its value is never used
d:\2C2P\Alternative-Payment-Network\BIS\BIS\App_Code\TripleDES.cs(117,32): warning CS0168: The variable 'ce' is declared but never used
d:\2C2P\Alternative-Payment-Network\BIS\BIS\App_Code\Utils.cs(1112,17): warning CS0219: The variable 'ds' is assigned but its value is never used
d:\2C2P\Alternative-Payment-Network\BIS\BIS\App_Code\Utils.cs(1268,26): warning CS0168: The variable 'ex' is declared but never used
d:\2C2P\Alternative-Payment-Network\BIS\BIS\App_Code\Utils.cs(2611,9): warning CS0618: 'System.Net.ServicePointManager.CertificatePolicy' is obsolete: 'CertificatePolicy is obsoleted for this type, please use ServerCertificateValidationCallback instead. http://go.microsoft.com/fwlink/?linkid=14202'
d:\2C2P\Alternative-Payment-Network\BIS\BIS\App_Code\Utils.cs(2641,22): warning CS0618: 'System.Configuration.ConfigurationSettings.AppSettings' is obsolete: 'This method is obsolete, it has been replaced by System.Configuration!System.Configuration.ConfigurationManager.AppSettings'
d:\2C2P\Alternative-Payment-Network\BIS\BIS\App_Code\Utils.cs(2645,16): warning CS0219: The variable 'errDetails' is assigned but its value is never used
d:\2C2P\Alternative-Payment-Network\BIS\BIS\App_Code\Utils.cs(2685,28): warning CS0618: 'System.Configuration.ConfigurationSettings.AppSettings' is obsolete: 'This method is obsolete, it has been replaced by System.Configuration!System.Configuration.ConfigurationManager.AppSettings'
d:\2C2P\Alternative-Payment-Network\BIS\BIS\App_Code\Utils.cs(2686,29): warning CS0618: 'System.Configuration.ConfigurationSettings.AppSettings' is obsolete: 'This method is obsolete, it has been replaced by System.Configuration!System.Configuration.ConfigurationManager.AppSettings'
d:\2C2P\Alternative-Payment-Network\BIS\BIS\App_Code\Utils.cs(2687,29): warning CS0618: 'System.Configuration.ConfigurationSettings.AppSettings' is obsolete: 'This method is obsolete, it has been replaced by System.Configuration!System.Configuration.ConfigurationManager.AppSettings'
d:\2C2P\Alternative-Payment-Network\BIS\BIS\App_Code\RSACrypto.cs(97,34): warning CS0168: The variable 'ex' is declared but never used
d:\2C2P\Alternative-Payment-Network\BIS\BIS\App_Code\RSACrypto.cs(276,34): warning CS0168: The variable 'ex' is declared but never used
d:\2C2P\Alternative-Payment-Network\BIS\BIS\App_Code\SSLPost.cs(90,13): warning CS0618: 'System.Net.ServicePointManager.CertificatePolicy' is obsolete: 'CertificatePolicy is obsoleted for this type, please use ServerCertificateValidationCallback instead. http://go.microsoft.com/fwlink/?linkid=14202'
d:\2C2P\Alternative-Payment-Network\BIS\BIS\App_Code\SSLPost.cs(126,17): warning CS0618: 'System.Net.ServicePointManager.CertificatePolicy' is obsolete: 'CertificatePolicy is obsoleted for this type, please use ServerCertificateValidationCallback instead. http://go.microsoft.com/fwlink/?linkid=14202'
d:\2C2P\Alternative-Payment-Network\BIS\BIS\App_Code\SSLPost.cs(251,17): warning CS0618: 'System.Net.ServicePointManager.CertificatePolicy' is obsolete: 'CertificatePolicy is obsoleted for this type, please use ServerCertificateValidationCallback instead. http://go.microsoft.com/fwlink/?linkid=14202'
d:\2C2P\Alternative-Payment-Network\BIS\BIS\App_Code\SSLPost.cs(249,24): warning CS0219: The variable 'postData' is assigned but its value is never used
d:\2C2P\Alternative-Payment-Network\BIS\BIS\App_Code\SSLPost.cs(353,13): warning CS0618: 'System.Net.ServicePointManager.CertificatePolicy' is obsolete: 'CertificatePolicy is obsoleted for this type, please use ServerCertificateValidationCallback instead. http://go.microsoft.com/fwlink/?linkid=14202'
d:\2C2P\Alternative-Payment-Network\BIS\BIS\App_Code\SSLPost.cs(476,13): warning CS0618: 'System.Net.ServicePointManager.CertificatePolicy' is obsolete: 'CertificatePolicy is obsoleted for this type, please use ServerCertificateValidationCallback instead. http://go.microsoft.com/fwlink/?linkid=14202'
d:\2C2P\Alternative-Payment-Network\BIS\BIS\App_Code\SSLPost.cs(541,9): warning CS0618: 'System.Net.ServicePointManager.CertificatePolicy' is obsolete: 'CertificatePolicy is obsoleted for this type, please use ServerCertificateValidationCallback instead. http://go.microsoft.com/fwlink/?linkid=14202'
d:\2C2P\Alternative-Payment-Network\BIS\BIS\App_Code\SSLPost.cs(575,13): warning CS0618: 'System.Net.ServicePointManager.CertificatePolicy' is obsolete: 'CertificatePolicy is obsoleted for this type, please use ServerCertificateValidationCallback instead. http://go.microsoft.com/fwlink/?linkid=14202'
d:\2C2P\Alternative-Payment-Network\BIS\BIS\App_Code\Service.cs(91,26): warning CS0168: The variable 'e' is declared but never used
d:\2C2P\Alternative-Payment-Network\BIS\BIS\App_Code\Service.cs(905,16): warning CS0219: The variable 'new_userid' is assigned but its value is never used
d:\2C2P\Alternative-Payment-Network\BIS\BIS\App_Code\Service.cs(965,49): warning CS0162: Unreachable code detected
d:\2C2P\Alternative-Payment-Network\BIS\BIS\App_Code\Service.cs(1444,13): warning CS0168: The variable 'agnid' is declared but never used
d:\2C2P\Alternative-Payment-Network\BIS\BIS\App_Code\Service.cs(2085,25): warning CS0162: Unreachable code detected
d:\2C2P\Alternative-Payment-Network\BIS\BIS\App_Code\Service.cs(2103,13): warning CS0162: Unreachable code detected
d:\2C2P\Alternative-Payment-Network\BIS\BIS\App_Code\Service.cs(2581,16): warning CS0168: The variable 'topupType' is declared but never used
d:\2C2P\Alternative-Payment-Network\BIS\BIS\App_Code\Service.cs(3378,73): warning CS0168: The variable 'resResellerID' is declared but never used
d:\2C2P\Alternative-Payment-Network\BIS\BIS\App_Code\Service.cs(3378,88): warning CS0219: The variable 'resExpiryDate' is assigned but its value is never used
d:\2C2P\Alternative-Payment-Network\BIS\BIS\App_Code\Service.cs(3378,108): warning CS0219: The variable 'resSerialNumber' is assigned but its value is never used
d:\2C2P\Alternative-Payment-Network\BIS\BIS\App_Code\Service.cs(3378,130): warning CS0219: The variable 'resPinNumber' is assigned but its value is never used
d:\2C2P\Alternative-Payment-Network\BIS\BIS\App_Code\Service.cs(3378,149): warning CS0219: The variable 'resInvoiceID' is assigned but its value is never used
d:\2C2P\Alternative-Payment-Network\BIS\BIS\App_Code\Service.cs(3477,45): warning CS0219: The variable 'batchid' is assigned but its value is never used
d:\2C2P\Alternative-Payment-Network\BIS\BIS\App_Code\Service.cs(3478,48): warning CS0219: The variable 'availablebalance' is assigned but its value is never used
d:\2C2P\Alternative-Payment-Network\BIS\BIS\App_Code\Service.cs(3703,41): warning CS0219: The variable 'batchid' is assigned but its value is never used
d:\2C2P\Alternative-Payment-Network\BIS\BIS\App_Code\Service.cs(3704,44): warning CS0219: The variable 'availablebalance' is assigned but its value is never used
d:\2C2P\Alternative-Payment-Network\BIS\BIS\App_Code\Service.cs(5733,29): warning CS0162: Unreachable code detected
d:\2C2P\Alternative-Payment-Network\BIS\BIS\App_Code\Service.cs(6954,16): warning CS0168: The variable 'encrypted' is declared but never used
d:\2C2P\Alternative-Payment-Network\BIS\BIS\App_Code\Service.cs(7111,17): warning CS0219: The variable 'dsBiller' is assigned but its value is never used
d:\2C2P\Alternative-Payment-Network\BIS\BIS\App_Code\Service.cs(8264,17): warning CS0219: The variable 'ds' is assigned but its value is never used
d:\2C2P\Alternative-Payment-Network\BIS\BIS\App_Code\Service.cs(8265,14): warning CS0219: The variable 'flg' is assigned but its value is never used
d:\2C2P\Alternative-Payment-Network\BIS\BIS\App_Code\Service.cs(8615,17): warning CS0219: The variable 'ds' is assigned but its value is never used
d:\2C2P\Alternative-Payment-Network\BIS\BIS\App_Code\Service.cs(8616,14): warning CS0219: The variable 'flg' is assigned but its value is never used
d:\2C2P\Alternative-Payment-Network\BIS\BIS\App_Code\Service.cs(9944,9): warning CS0162: Unreachable code detected
d:\2C2P\Alternative-Payment-Network\BIS\BIS\App_Code\Service.cs(10004,20): warning CS0219: The variable 'response' is assigned but its value is never used
d:\2C2P\Alternative-Payment-Network\BIS\BIS\App_Code\Service.cs(10005,20): warning CS0168: The variable 'topupType' is declared but never used
d:\2C2P\Alternative-Payment-Network\BIS\BIS\App_Code\Service.cs(10336,9): warning CS0162: Unreachable code detected
d:\2C2P\Alternative-Payment-Network\BIS\BIS\App_Code\Service.cs(10380,17): warning CS0219: The variable 'response' is assigned but its value is never used
d:\2C2P\Alternative-Payment-Network\BIS\BIS\App_Code\Service.cs(10381,17): warning CS0219: The variable 'topupType' is assigned but its value is never used
d:\2C2P\Alternative-Payment-Network\BIS\BIS\App_Code\Service.cs(10659,17): warning CS0219: The variable 'response' is assigned but its value is never used
d:\2C2P\Alternative-Payment-Network\BIS\BIS\App_Code\Service.cs(10660,17): warning CS0219: The variable 'topupType' is assigned but its value is never used
d:\2C2P\Alternative-Payment-Network\BIS\BIS\App_Code\Service.cs(11087,20): warning CS0219: The variable 'transactionDateTime' is assigned but its value is never used
d:\2C2P\Alternative-Payment-Network\BIS\BIS\App_Code\Service.cs(11088,20): warning CS0219: The variable 'availablebalance' is assigned but its value is never used
d:\2C2P\Alternative-Payment-Network\BIS\BIS\App_Code\Service.cs(11089,20): warning CS0219: The variable 'ledgerbalance' is assigned but its value is never used
d:\2C2P\Alternative-Payment-Network\BIS\BIS\App_Code\Service.cs(11291,16): warning CS0219: The variable 'esbAirTimeInq' is assigned but its value is never used
d:\2C2P\Alternative-Payment-Network\BIS\BIS\App_Code\Service.cs(11302,16): warning CS0219: The variable 'partnerCode' is assigned but its value is never used
d:\2C2P\Alternative-Payment-Network\BIS\BIS\App_Code\Service.cs(11303,16): warning CS0219: The variable 'customerID' is assigned but its value is never used
d:\2C2P\Alternative-Payment-Network\BIS\BIS\App_Code\Service.cs(11960,22): warning CS0219: The variable 'TopUpHistory' is assigned but its value is never used
d:\2C2P\Alternative-Payment-Network\BIS\BIS\App_Code\Service.cs(11990,32): warning CS0219: The variable 'avalbal' is assigned but its value is never used
d:\2C2P\Alternative-Payment-Network\BIS\BIS\App_Code\Service.cs(11991,32): warning CS0219: The variable 'legbal' is assigned but its value is never used
d:\2C2P\Alternative-Payment-Network\BIS\BIS\App_Code\Service.cs(12006,33): warning CS0219: The variable 'batchid' is assigned but its value is never used
d:\2C2P\Alternative-Payment-Network\BIS\BIS\App_Code\Service.cs(12105,41): warning CS0219: The variable 'batchid' is assigned but its value is never used
d:\2C2P\Alternative-Payment-Network\BIS\BIS\App_Code\Service.cs(12139,58): warning CS0168: The variable 'exs' is declared but never used
d:\2C2P\Alternative-Payment-Network\BIS\BIS\App_Code\Service.cs(12230,33): warning CS0219: The variable 'batchid' is assigned but its value is never used
d:\2C2P\Alternative-Payment-Network\BIS\BIS\App_Code\Service.cs(12262,50): warning CS0168: The variable 'ex' is declared but never used
d:\2C2P\Alternative-Payment-Network\BIS\BIS\App_Code\Service.cs(12330,32): warning CS0219: The variable 'avalbal' is assigned but its value is never used
d:\2C2P\Alternative-Payment-Network\BIS\BIS\App_Code\Service.cs(12331,32): warning CS0219: The variable 'legbal' is assigned but its value is never used
d:\2C2P\Alternative-Payment-Network\BIS\BIS\App_Code\Service.cs(12496,50): warning CS0168: The variable 'ex' is declared but never used
d:\2C2P\Alternative-Payment-Network\BIS\BIS\App_Code\Service.cs(12558,32): warning CS0219: The variable 'legbal' is assigned but its value is never used
d:\2C2P\Alternative-Payment-Network\BIS\BIS\App_Code\Service.cs(12746,50): warning CS0168: The variable 'ex' is declared but never used
d:\2C2P\Alternative-Payment-Network\BIS\BIS\App_Code\Service.cs(12959,50): warning CS0168: The variable 'ex' is declared but never used
d:\2C2P\Alternative-Payment-Network\BIS\BIS\App_Code\Service.cs(13270,29): warning CS0219: The variable 'topupid' is assigned but its value is never used
d:\2C2P\Alternative-Payment-Network\BIS\BIS\App_Code\Service.cs(13463,50): warning CS0168: The variable 'ex' is declared but never used
d:\2C2P\Alternative-Payment-Network\BIS\BIS\App_Code\Service.cs(13504,32): warning CS0219: The variable 'avalbal' is assigned but its value is never used
d:\2C2P\Alternative-Payment-Network\BIS\BIS\App_Code\Service.cs(13505,32): warning CS0219: The variable 'legbal' is assigned but its value is never used
d:\2C2P\Alternative-Payment-Network\BIS\BIS\App_Code\Service.cs(13563,48): warning CS0219: The variable 'amountToTopup' is assigned but its value is never used
d:\2C2P\Alternative-Payment-Network\BIS\BIS\App_Code\Service.cs(13750,32): warning CS0219: The variable 'avalbal' is assigned but its value is never used
d:\2C2P\Alternative-Payment-Network\BIS\BIS\App_Code\Service.cs(13751,32): warning CS0219: The variable 'legbal' is assigned but its value is never used
d:\2C2P\Alternative-Payment-Network\BIS\BIS\App_Code\Service.cs(14051,32): warning CS0219: The variable 'avalbal' is assigned but its value is never used
d:\2C2P\Alternative-Payment-Network\BIS\BIS\App_Code\Service.cs(14052,32): warning CS0219: The variable 'legbal' is assigned but its value is never used
d:\2C2P\Alternative-Payment-Network\BIS\BIS\App_Code\Service.cs(14473,37): warning CS0219: The variable 'batchid' is assigned but its value is never used
d:\2C2P\Alternative-Payment-Network\BIS\BIS\App_Code\Service.cs(14782,74): warning CS0168: The variable 'ex' is declared but never used
d:\2C2P\Alternative-Payment-Network\BIS\BIS\App_Code\Service.cs(14963,70): warning CS0168: The variable 'ex' is declared but never used
d:\2C2P\Alternative-Payment-Network\BIS\BIS\App_Code\Service.cs(15080,70): warning CS0168: The variable 'ex' is declared but never used
d:\2C2P\Alternative-Payment-Network\BIS\BIS\App_Code\Service.cs(15222,74): warning CS0168: The variable 'ex' is declared but never used
d:\2C2P\Alternative-Payment-Network\BIS\BIS\App_Code\Service.cs(15306,32): warning CS0219: The variable 'avalbal' is assigned but its value is never used
d:\2C2P\Alternative-Payment-Network\BIS\BIS\App_Code\Service.cs(15307,32): warning CS0219: The variable 'legbal' is assigned but its value is never used
d:\2C2P\Alternative-Payment-Network\BIS\BIS\App_Code\Service.cs(15531,32): warning CS0219: The variable 'avalbal' is assigned but its value is never used
d:\2C2P\Alternative-Payment-Network\BIS\BIS\App_Code\Service.cs(15532,32): warning CS0219: The variable 'legbal' is assigned but its value is never used
d:\2C2P\Alternative-Payment-Network\BIS\BIS\App_Code\Service.cs(15881,33): warning CS0219: The variable 'batchid' is assigned but its value is never used
d:\2C2P\Alternative-Payment-Network\BIS\BIS\App_Code\Service.cs(15933,54): warning CS0168: The variable 'ex' is declared but never used
d:\2C2P\Alternative-Payment-Network\BIS\BIS\App_Code\Service.cs(16044,62): warning CS0168: The variable 'ex' is declared but never used
d:\2C2P\Alternative-Payment-Network\BIS\BIS\App_Code\Service.cs(16291,74): warning CS0168: The variable 'ex' is declared but never used
d:\2C2P\Alternative-Payment-Network\BIS\BIS\App_Code\Service.cs(16462,62): warning CS0168: The variable 'ex' is declared but never used
d:\2C2P\Alternative-Payment-Network\BIS\BIS\App_Code\Service.cs(16530,32): warning CS0219: The variable 'avalbal' is assigned but its value is never used
d:\2C2P\Alternative-Payment-Network\BIS\BIS\App_Code\Service.cs(16531,32): warning CS0219: The variable 'legbal' is assigned but its value is never used
d:\2C2P\Alternative-Payment-Network\BIS\BIS\App_Code\Service.cs(16666,32): warning CS0219: The variable 'avalbal' is assigned but its value is never used
d:\2C2P\Alternative-Payment-Network\BIS\BIS\App_Code\Service.cs(16667,32): warning CS0219: The variable 'legbal' is assigned but its value is never used
d:\2C2P\Alternative-Payment-Network\BIS\BIS\App_Code\Service.cs(16810,37): warning CS0219: The variable 'batchid' is assigned but its value is never used
d:\2C2P\Alternative-Payment-Network\BIS\BIS\App_Code\Service.cs(16860,58): warning CS0168: The variable 'ex' is declared but never used
d:\2C2P\Alternative-Payment-Network\BIS\BIS\App_Code\Service.cs(16999,66): warning CS0168: The variable 'ex' is declared but never used
d:\2C2P\Alternative-Payment-Network\BIS\BIS\App_Code\Service.cs(17065,32): warning CS0219: The variable 'avalbal' is assigned but its value is never used
d:\2C2P\Alternative-Payment-Network\BIS\BIS\App_Code\Service.cs(17066,32): warning CS0219: The variable 'legbal' is assigned but its value is never used
d:\2C2P\Alternative-Payment-Network\BIS\BIS\App_Code\Service.cs(17158,54): warning CS0168: The variable 'ex' is declared but never used
d:\2C2P\Alternative-Payment-Network\BIS\BIS\App_Code\Service.cs(17230,32): warning CS0219: The variable 'avalbal' is assigned but its value is never used
d:\2C2P\Alternative-Payment-Network\BIS\BIS\App_Code\Service.cs(17231,32): warning CS0219: The variable 'legbal' is assigned but its value is never used
d:\2C2P\Alternative-Payment-Network\BIS\BIS\App_Code\Service.cs(17480,32): warning CS0219: The variable 'avalbal' is assigned but its value is never used
d:\2C2P\Alternative-Payment-Network\BIS\BIS\App_Code\Service.cs(17481,32): warning CS0219: The variable 'legbal' is assigned but its value is never used
d:\2C2P\Alternative-Payment-Network\BIS\BIS\App_Code\Service.cs(17854,54): warning CS0168: The variable 'ex' is declared but never used
d:\2C2P\Alternative-Payment-Network\BIS\BIS\App_Code\Service.cs(17966,58): warning CS0168: The variable 'ex' is declared but never used
d:\2C2P\Alternative-Payment-Network\BIS\BIS\App_Code\Service.cs(18073,62): warning CS0168: The variable 'ex' is declared but never used
d:\2C2P\Alternative-Payment-Network\BIS\BIS\App_Code\Service.cs(18217,66): warning CS0168: The variable 'ex' is declared but never used
d:\2C2P\Alternative-Payment-Network\BIS\BIS\App_Code\Service.cs(18298,32): warning CS0219: The variable 'legbal' is assigned but its value is never used
d:\2C2P\Alternative-Payment-Network\BIS\BIS\App_Code\Service.cs(18524,32): warning CS0219: The variable 'legbal' is assigned but its value is never used
d:\2C2P\Alternative-Payment-Network\BIS\BIS\App_Code\Service.cs(18839,54): warning CS0168: The variable 'ex' is declared but never used
d:\2C2P\Alternative-Payment-Network\BIS\BIS\App_Code\Service.cs(18988,58): warning CS0168: The variable 'ex' is declared but never used
d:\2C2P\Alternative-Payment-Network\BIS\BIS\App_Code\Service.cs(19054,32): warning CS0219: The variable 'legbal' is assigned but its value is never used
d:\2C2P\Alternative-Payment-Network\BIS\BIS\App_Code\Service.cs(19384,54): warning CS0168: The variable 'ex' is declared but never used
d:\2C2P\Alternative-Payment-Network\BIS\BIS\App_Code\Service.cs(19551,62): warning CS0168: The variable 'ex' is declared but never used
d:\2C2P\Alternative-Payment-Network\BIS\BIS\App_Code\Service.cs(19826,70): warning CS0168: The variable 'ex' is declared but never used
d:\2C2P\Alternative-Payment-Network\BIS\BIS\App_Code\Service.cs(19923,32): warning CS0219: The variable 'legbal' is assigned but its value is never used
d:\2C2P\Alternative-Payment-Network\BIS\BIS\App_Code\Service.cs(19994,54): warning CS0168: The variable 'ex' is declared but never used
d:\2C2P\Alternative-Payment-Network\BIS\BIS\App_Code\Service.cs(20264,58): warning CS0168: The variable 'ex' is declared but never used
d:\2C2P\Alternative-Payment-Network\BIS\BIS\App_Code\Service.cs(20354,32): warning CS0219: The variable 'legbal' is assigned but its value is never used
d:\2C2P\Alternative-Payment-Network\BIS\BIS\App_Code\Service.cs(20444,50): warning CS0168: The variable 'ex' is declared but never used
d:\2C2P\Alternative-Payment-Network\BIS\BIS\App_Code\Service.cs(20522,32): warning CS0219: The variable 'legbal' is assigned but its value is never used
d:\2C2P\Alternative-Payment-Network\BIS\BIS\App_Code\Service.cs(20573,58): warning CS0168: The variable 'ex' is declared but never used
d:\2C2P\Alternative-Payment-Network\BIS\BIS\App_Code\Service.cs(20639,32): warning CS0219: The variable 'avalbal' is assigned but its value is never used
d:\2C2P\Alternative-Payment-Network\BIS\BIS\App_Code\Service.cs(20640,32): warning CS0219: The variable 'legbal' is assigned but its value is never used
d:\2C2P\Alternative-Payment-Network\BIS\BIS\App_Code\Service.cs(20644,33): warning CS0219: The variable 'batchid' is assigned but its value is never used
d:\2C2P\Alternative-Payment-Network\BIS\BIS\App_Code\Service.cs(20683,50): warning CS0168: The variable 'ex' is declared but never used
d:\2C2P\Alternative-Payment-Network\BIS\BIS\App_Code\Service.cs(20725,33): warning CS0219: The variable 'batchid' is assigned but its value is never used
d:\2C2P\Alternative-Payment-Network\BIS\BIS\App_Code\Service.cs(20843,54): warning CS0168: The variable 'ex' is declared but never used
d:\2C2P\Alternative-Payment-Network\BIS\BIS\App_Code\Service.cs(20895,32): warning CS0219: The variable 'legbal' is assigned but its value is never used
d:\2C2P\Alternative-Payment-Network\BIS\BIS\App_Code\Service.cs(20941,50): warning CS0168: The variable 'ex' is declared but never used
d:\2C2P\Alternative-Payment-Network\BIS\BIS\App_Code\Service.cs(21073,66): warning CS0168: The variable 'ex' is declared but never used
d:\2C2P\Alternative-Payment-Network\BIS\BIS\App_Code\Service.cs(21228,66): warning CS0168: The variable 'ex' is declared but never used
d:\2C2P\Alternative-Payment-Network\BIS\BIS\App_Code\Service.cs(21304,29): warning CS0219: The variable 'batchid' is assigned but its value is never used
d:\2C2P\Alternative-Payment-Network\BIS\BIS\App_Code\Service.cs(21307,32): warning CS0219: The variable 'avalbal' is assigned but its value is never used
d:\2C2P\Alternative-Payment-Network\BIS\BIS\App_Code\Service.cs(21308,32): warning CS0219: The variable 'legbal' is assigned but its value is never used
d:\2C2P\Alternative-Payment-Network\BIS\BIS\App_Code\Service.cs(21346,50): warning CS0168: The variable 'ex' is declared but never used
d:\2C2P\Alternative-Payment-Network\BIS\BIS\App_Code\Service.cs(21486,58): warning CS0168: The variable 'ex' is declared but never used
d:\2C2P\Alternative-Payment-Network\BIS\BIS\App_Code\Service.cs(21559,36): warning CS0219: The variable 'legbal' is assigned but its value is never used
d:\2C2P\Alternative-Payment-Network\BIS\BIS\App_Code\Service.cs(21597,50): warning CS0168: The variable 'ex' is declared but never used
d:\2C2P\Alternative-Payment-Network\BIS\BIS\App_Code\Service.cs(21646,40): warning CS0219: The variable 'legbal' is assigned but its value is never used
d:\2C2P\Alternative-Payment-Network\BIS\BIS\App_Code\Service.cs(21763,62): warning CS0168: The variable 'ex' is declared but never used
d:\2C2P\Alternative-Payment-Network\BIS\BIS\App_Code\Service.cs(21820,40): warning CS0219: The variable 'legbal' is assigned but its value is never used
d:\2C2P\Alternative-Payment-Network\BIS\BIS\App_Code\Service.cs(21923,62): warning CS0168: The variable 'ex' is declared but never used
d:\2C2P\Alternative-Payment-Network\BIS\BIS\App_Code\Service.cs(22792,32): warning CS0219: The variable 'legbal' is assigned but its value is never used
d:\2C2P\Alternative-Payment-Network\BIS\BIS\App_Code\Service.cs(22829,50): warning CS0168: The variable 'ex' is declared but never used
d:\2C2P\Alternative-Payment-Network\BIS\BIS\App_Code\Service.cs(22954,50): warning CS0168: The variable 'ex' is declared but never used
d:\2C2P\Alternative-Payment-Network\BIS\BIS\App_Code\Service.cs(23009,32): warning CS0219: The variable 'legbal' is assigned but its value is never used
d:\2C2P\Alternative-Payment-Network\BIS\BIS\App_Code\Service.cs(23067,54): warning CS0168: The variable 'ex' is declared but never used
d:\2C2P\Alternative-Payment-Network\BIS\BIS\App_Code\Service.cs(23228,62): warning CS0168: The variable 'ex' is declared but never used
d:\2C2P\Alternative-Payment-Network\BIS\BIS\App_Code\Service.cs(23407,32): warning CS0219: The variable 'avalbal' is assigned but its value is never used
d:\2C2P\Alternative-Payment-Network\BIS\BIS\App_Code\Service.cs(23408,32): warning CS0219: The variable 'legbal' is assigned but its value is never used
d:\2C2P\Alternative-Payment-Network\BIS\BIS\App_Code\Service.cs(23679,29): warning CS0219: The variable 'batchid' is assigned but its value is never used
d:\2C2P\Alternative-Payment-Network\BIS\BIS\App_Code\Service.cs(23686,32): warning CS0219: The variable 'avalbal' is assigned but its value is never used
d:\2C2P\Alternative-Payment-Network\BIS\BIS\App_Code\Service.cs(23687,32): warning CS0219: The variable 'legbal' is assigned but its value is never used
d:\2C2P\Alternative-Payment-Network\BIS\BIS\App_Code\Service.cs(23862,50): warning CS0168: The variable 'ex' is declared but never used
d:\2C2P\Alternative-Payment-Network\BIS\BIS\App_Code\Service.cs(23937,29): warning CS0219: The variable 'batchid' is assigned but its value is never used
d:\2C2P\Alternative-Payment-Network\BIS\BIS\App_Code\Service.cs(23944,32): warning CS0219: The variable 'legbal' is assigned but its value is never used
d:\2C2P\Alternative-Payment-Network\BIS\BIS\App_Code\Service.cs(24223,50): warning CS0168: The variable 'ex' is declared but never used
d:\2C2P\Alternative-Payment-Network\BIS\BIS\App_Code\Service.cs(24268,32): warning CS0219: The variable 'avalbal' is assigned but its value is never used
d:\2C2P\Alternative-Payment-Network\BIS\BIS\App_Code\Service.cs(24269,32): warning CS0219: The variable 'legbal' is assigned but its value is never used
d:\2C2P\Alternative-Payment-Network\BIS\BIS\App_Code\Service.cs(24315,48): warning CS0219: The variable 'amountToTopup' is assigned but its value is never used
d:\2C2P\Alternative-Payment-Network\BIS\BIS\App_Code\Service.cs(24461,36): warning CS0219: The variable 'avalbal' is assigned but its value is never used
d:\2C2P\Alternative-Payment-Network\BIS\BIS\App_Code\Service.cs(24462,36): warning CS0219: The variable 'legbal' is assigned but its value is never used
d:\2C2P\Alternative-Payment-Network\BIS\BIS\App_Code\Service.cs(24589,29): warning CS0219: The variable 'batchid' is assigned but its value is never used
d:\2C2P\Alternative-Payment-Network\BIS\BIS\App_Code\Service.cs(24596,32): warning CS0219: The variable 'avalbal' is assigned but its value is never used
d:\2C2P\Alternative-Payment-Network\BIS\BIS\App_Code\Service.cs(24597,32): warning CS0219: The variable 'legbal' is assigned but its value is never used
d:\2C2P\Alternative-Payment-Network\BIS\BIS\App_Code\Service.cs(24639,50): warning CS0168: The variable 'ex' is declared but never used
d:\2C2P\Alternative-Payment-Network\BIS\BIS\App_Code\Service.cs(24802,29): warning CS0219: The variable 'batchid' is assigned but its value is never used
d:\2C2P\Alternative-Payment-Network\BIS\BIS\App_Code\Service.cs(24809,32): warning CS0219: The variable 'avalbal' is assigned but its value is never used
d:\2C2P\Alternative-Payment-Network\BIS\BIS\App_Code\Service.cs(24810,32): warning CS0219: The variable 'legbal' is assigned but its value is never used
d:\2C2P\Alternative-Payment-Network\BIS\BIS\App_Code\Service.cs(24984,29): warning CS0219: The variable 'batchid' is assigned but its value is never used
d:\2C2P\Alternative-Payment-Network\BIS\BIS\App_Code\Service.cs(24991,33): warning CS0219: The variable 'dsAgent' is assigned but its value is never used
d:\2C2P\Alternative-Payment-Network\BIS\BIS\App_Code\Service.cs(25164,50): warning CS0168: The variable 'ex' is declared but never used
d:\2C2P\Alternative-Payment-Network\BIS\BIS\App_Code\Service.cs(25212,32): warning CS0219: The variable 'legbal' is assigned but its value is never used
d:\2C2P\Alternative-Payment-Network\BIS\BIS\App_Code\Service.cs(25512,32): warning CS0219: The variable 'avalbal' is assigned but its value is never used
d:\2C2P\Alternative-Payment-Network\BIS\BIS\App_Code\Service.cs(25513,32): warning CS0219: The variable 'legbal' is assigned but its value is never used
d:\2C2P\Alternative-Payment-Network\BIS\BIS\App_Code\Service.cs(25778,36): warning CS0219: The variable 'avalbal' is assigned but its value is never used
d:\2C2P\Alternative-Payment-Network\BIS\BIS\App_Code\Service.cs(25779,36): warning CS0219: The variable 'legbal' is assigned but its value is never used
d:\2C2P\Alternative-Payment-Network\BIS\BIS\App_Code\Service.cs(25870,58): warning CS0168: The variable 'ex' is declared but never used
d:\2C2P\Alternative-Payment-Network\BIS\BIS\App_Code\Service.cs(26040,36): warning CS0219: The variable 'avalbal' is assigned but its value is never used
d:\2C2P\Alternative-Payment-Network\BIS\BIS\App_Code\Service.cs(26041,36): warning CS0219: The variable 'legbal' is assigned but its value is never used
d:\2C2P\Alternative-Payment-Network\BIS\BIS\App_Code\Service.cs(26177,32): warning CS0219: The variable 'avalbal' is assigned but its value is never used
d:\2C2P\Alternative-Payment-Network\BIS\BIS\App_Code\Service.cs(26178,32): warning CS0219: The variable 'legalbal' is assigned but its value is never used
d:\2C2P\Alternative-Payment-Network\BIS\BIS\App_Code\Service.cs(26270,54): warning CS0168: The variable 'ex' is declared but never used
d:\2C2P\Alternative-Payment-Network\BIS\BIS\App_Code\Service.cs(26326,32): warning CS0219: The variable 'avalbal' is assigned but its value is never used
d:\2C2P\Alternative-Payment-Network\BIS\BIS\App_Code\Service.cs(26327,32): warning CS0219: The variable 'legbal' is assigned but its value is never used
d:\2C2P\Alternative-Payment-Network\BIS\BIS\App_Code\Service.cs(26404,54): warning CS0168: The variable 'ex' is declared but never used
d:\2C2P\Alternative-Payment-Network\BIS\BIS\App_Code\Service.cs(26531,50): warning CS0168: The variable 'ex' is declared but never used
d:\2C2P\Alternative-Payment-Network\BIS\BIS\App_Code\Service.cs(26595,28): warning CS0219: The variable 'avalbal' is assigned but its value is never used
d:\2C2P\Alternative-Payment-Network\BIS\BIS\App_Code\Service.cs(26596,28): warning CS0219: The variable 'legbal' is assigned but its value is never used
d:\2C2P\Alternative-Payment-Network\BIS\BIS\App_Code\Service.cs(26960,9): warning CS0162: Unreachable code detected
d:\2C2P\Alternative-Payment-Network\BIS\BIS\App_Code\Service.cs(27080,9): warning CS0162: Unreachable code detected
d:\2C2P\Alternative-Payment-Network\BIS\BIS\App_Code\Service.cs(27674,38): warning CS0168: The variable 'ex' is declared but never used
d:\2C2P\Alternative-Payment-Network\BIS\BIS\App_Code\Service.cs(28605,17): warning CS0219: The variable 'ds' is assigned but its value is never used
d:\2C2P\Alternative-Payment-Network\BIS\BIS\App_Code\Service.cs(28606,14): warning CS0219: The variable 'flg' is assigned but its value is never used
d:\2C2P\Alternative-Payment-Network\BIS\BIS\App_Code\Service.cs(29829,30): warning CS0168: The variable 'ex' is declared but never used
d:\2C2P\Alternative-Payment-Network\BIS\BIS\App_Code\Service.cs(30494,9): warning CS0162: Unreachable code detected
d:\2C2P\Alternative-Payment-Network\BIS\BIS\App_Code\Service.cs(30671,43): warning CS1998: This async method lacks 'await' operators and will run synchronously. Consider using the 'await' operator to await non-blocking API calls, or 'await Task.Run(...)' to do CPU-bound work on a background thread.
d:\2C2P\Alternative-Payment-Network\BIS\BIS\App_Code\Service.cs(30685,40): warning CS1998: This async method lacks 'await' operators and will run synchronously. Consider using the 'await' operator to await non-blocking API calls, or 'await Task.Run(...)' to do CPU-bound work on a background thread.
d:\2C2P\Alternative-Payment-Network\BIS\BIS\App_Code\Service.cs(30710,54): warning CS1998: This async method lacks 'await' operators and will run synchronously. Consider using the 'await' operator to await non-blocking API calls, or 'await Task.Run(...)' to do CPU-bound work on a background thread.
d:\2C2P\Alternative-Payment-Network\BIS\BIS\App_Code\Service.cs(30739,26): warning CS0168: The variable 'ex' is declared but never used
d:\2C2P\Alternative-Payment-Network\BIS\BIS\App_Code\RouteAPI.cs(27,12): warning CS0414: The field 'RouteAPI.result' is assigned but its value is never used
d:\2C2P\Alternative-Payment-Network\BIS\BIS\App_Code\TripleDES.cs(21,20): warning CS0414: The field 'TripleDES.finalText' is assigned but its value is never used
d:\2C2P\Alternative-Payment-Network\BIS\BIS\App_Code\Service.cs(212,20): warning CS0414: The field 'Service.totalServiceFee' is assigned but its value is never used
